Compilation failed:
    source file: 'E:/Project/socketio/node_modules/opencv-build/opencv/opencv/cmake/checks/cpu_avx512.cpp'
    check option: '    '
===== BUILD LOG =====
Change Dir: E:/Project/socketio/node_modules/opencv-build/opencv/build/CMakeFiles/CMakeTmp

Run Build Command(s):C:/Program Files (x86)/Microsoft Visual Studio/2017/BuildTools/MSBuild/15.0/Bin/MSBuild.exe cmTC_4ca34.vcxproj /p:Configuration=Release /p:Platform=x64 /p:VisualStudioVersion=15.0 /v:m && Microsoft (R) Build Engine version 15.9.21+g9802d43bc3 for .NET Framework
Copyright (C) Microsoft Corporation. All rights reserved.

  Microsoft (R) C/C++ Optimizing Compiler Version 19.16.27045 for x64
  Copyright (C) Microsoft Corporation.  All rights reserved.
  
  cpu_avx512.cpp
  cl /c /W3 /WX- /diagnostics:classic /O2 /Ob2 /D _MBCS /D WIN32 /D _WINDOWS /D NDEBUG /D "CMAKE_INTDIR=\"Release\"" /Gm- /EHsc /MD /GS /fp:precise /Zc:wchar_t /Zc:forScope /Zc:inline /GR /Fo"cmTC_4ca34.dir\Release\\" /Fd"cmTC_4ca34.dir\Release\vc141.pdb" /Gd /TP /errorReport:queue "E:\Project\socketio\node_modules\opencv-build\opencv\opencv\cmake\checks\cpu_avx512.cpp"
  
E:\Project\socketio\node_modules\opencv-build\opencv\opencv\cmake\checks\cpu_avx512.cpp(11): fatal error C1189: #error:  "AVX512 is not supported" [E:\Project\socketio\node_modules\opencv-build\opencv\build\CMakeFiles\CMakeTmp\cmTC_4ca34.vcxproj]


===== END =====

Compilation failed:
    source file: 'E:/Project/socketio/node_modules/opencv-build/opencv/opencv/cmake/checks/cpu_avx512skx.cpp'
    check option: '    '
===== BUILD LOG =====
Change Dir: E:/Project/socketio/node_modules/opencv-build/opencv/build/CMakeFiles/CMakeTmp

Run Build Command(s):C:/Program Files (x86)/Microsoft Visual Studio/2017/BuildTools/MSBuild/15.0/Bin/MSBuild.exe cmTC_2b760.vcxproj /p:Configuration=Release /p:Platform=x64 /p:VisualStudioVersion=15.0 /v:m && Microsoft (R) Build Engine version 15.9.21+g9802d43bc3 for .NET Framework
Copyright (C) Microsoft Corporation. All rights reserved.

  Microsoft (R) C/C++ Optimizing Compiler Version 19.16.27045 for x64
  Copyright (C) Microsoft Corporation.  All rights reserved.
  
  cpu_avx512skx.cpp
  cl /c /W3 /WX- /diagnostics:classic /O2 /Ob2 /D _MBCS /D WIN32 /D _WINDOWS /D NDEBUG /D "CMAKE_INTDIR=\"Release\"" /Gm- /EHsc /MD /GS /fp:precise /Zc:wchar_t /Zc:forScope /Zc:inline /GR /Fo"cmTC_2b760.dir\Release\\" /Fd"cmTC_2b760.dir\Release\vc141.pdb" /Gd /TP /errorReport:queue "E:\Project\socketio\node_modules\opencv-build\opencv\opencv\cmake\checks\cpu_avx512skx.cpp"
  
E:\Project\socketio\node_modules\opencv-build\opencv\opencv\cmake\checks\cpu_avx512skx.cpp(15): fatal error C1189: #error:  "AVX512-SKX is not supported" [E:\Project\socketio\node_modules\opencv-build\opencv\build\CMakeFiles\CMakeTmp\cmTC_2b760.vcxproj]


===== END =====

Determining if the function fseeko exists failed with the following output:
Change Dir: E:/Project/socketio/node_modules/opencv-build/opencv/build/CMakeFiles/CMakeTmp

Run Build Command(s):C:/Program Files (x86)/Microsoft Visual Studio/2017/BuildTools/MSBuild/15.0/Bin/MSBuild.exe cmTC_0460a.vcxproj /p:Configuration=Release /p:Platform=x64 /p:VisualStudioVersion=15.0 /v:m && Microsoft (R) Build Engine version 15.9.21+g9802d43bc3 for .NET Framework
Copyright (C) Microsoft Corporation. All rights reserved.

  Microsoft (R) C/C++ Optimizing Compiler Version 19.16.27045 for x64
  Copyright (C) Microsoft Corporation.  All rights reserved.
  
  CheckFunctionExists.c
  cl /c /W3 /WX- /diagnostics:classic /MP8 /O2 /Ob2 /Oi /D _MBCS /D WIN32 /D _WINDOWS /D _CRT_SECURE_NO_DEPRECATE /D _CRT_NONSTDC_NO_DEPRECATE /D _SCL_SECURE_NO_WARNINGS /D CHECK_FUNCTION_EXISTS=fseeko /D NDEBUG /D "CMAKE_INTDIR=\"Release\"" /Gm- /MD /GS /Gy /fp:precise /Zc:wchar_t /Zc:forScope /Zc:inline /Fo"cmTC_0460a.dir\Release\\" /Fd"cmTC_0460a.dir\Release\vc141.pdb" /Gd /TC /errorReport:queue  /bigobj "C:\Program Files\CMake\share\cmake-3.22\Modules\CheckFunctionExists.c"
  
CheckFunctionExists.obj : error LNK2019: unresolved external symbol fseeko referenced in function main [E:\Project\socketio\node_modules\opencv-build\opencv\build\CMakeFiles\CMakeTmp\cmTC_0460a.vcxproj]
E:\Project\socketio\node_modules\opencv-build\opencv\build\CMakeFiles\CMakeTmp\Release\cmTC_0460a.exe : fatal error LNK1120: 1 unresolved externals [E:\Project\socketio\node_modules\opencv-build\opencv\build\CMakeFiles\CMakeTmp\cmTC_0460a.vcxproj]



Determining size of off64_t failed with the following output:
Change Dir: E:/Project/socketio/node_modules/opencv-build/opencv/build/CMakeFiles/CMakeTmp

Run Build Command(s):C:/Program Files (x86)/Microsoft Visual Studio/2017/BuildTools/MSBuild/15.0/Bin/MSBuild.exe cmTC_8d994.vcxproj /p:Configuration=Release /p:Platform=x64 /p:VisualStudioVersion=15.0 /v:m && Microsoft (R) Build Engine version 15.9.21+g9802d43bc3 for .NET Framework
Copyright (C) Microsoft Corporation. All rights reserved.

  Microsoft (R) C/C++ Optimizing Compiler Version 19.16.27045 for x64
  Copyright (C) Microsoft Corporation.  All rights reserved.
  
  OFF64_T.c
  cl /c /W3 /WX- /diagnostics:classic /MP8 /O2 /Ob2 /Oi /D _MBCS /D WIN32 /D _WINDOWS /D _CRT_SECURE_NO_DEPRECATE /D _CRT_NONSTDC_NO_DEPRECATE /D _SCL_SECURE_NO_WARNINGS /D NDEBUG /D "CMAKE_INTDIR=\"Release\"" /Gm- /MD /GS /Gy /fp:precise /Zc:wchar_t /Zc:forScope /Zc:inline /Fo"cmTC_8d994.dir\Release\\" /Fd"cmTC_8d994.dir\Release\vc141.pdb" /Gd /TC /errorReport:queue  /bigobj "E:\Project\socketio\node_modules\opencv-build\opencv\build\CMakeFiles\CheckTypeSize\OFF64_T.c"
  
E:\Project\socketio\node_modules\opencv-build\opencv\build\CMakeFiles\CheckTypeSize\OFF64_T.c(29): error C2065: 'off64_t': undeclared identifier [E:\Project\socketio\node_modules\opencv-build\opencv\build\CMakeFiles\CMakeTmp\cmTC_8d994.vcxproj]
E:\Project\socketio\node_modules\opencv-build\opencv\build\CMakeFiles\CheckTypeSize\OFF64_T.c(30): error C2065: 'off64_t': undeclared identifier [E:\Project\socketio\node_modules\opencv-build\opencv\build\CMakeFiles\CMakeTmp\cmTC_8d994.vcxproj]
E:\Project\socketio\node_modules\opencv-build\opencv\build\CMakeFiles\CheckTypeSize\OFF64_T.c(31): error C2065: 'off64_t': undeclared identifier [E:\Project\socketio\node_modules\opencv-build\opencv\build\CMakeFiles\CMakeTmp\cmTC_8d994.vcxproj]
E:\Project\socketio\node_modules\opencv-build\opencv\build\CMakeFiles\CheckTypeSize\OFF64_T.c(32): error C2065: 'off64_t': undeclared identifier [E:\Project\socketio\node_modules\opencv-build\opencv\build\CMakeFiles\CMakeTmp\cmTC_8d994.vcxproj]
E:\Project\socketio\node_modules\opencv-build\opencv\build\CMakeFiles\CheckTypeSize\OFF64_T.c(33): error C2065: 'off64_t': undeclared identifier [E:\Project\socketio\node_modules\opencv-build\opencv\build\CMakeFiles\CMakeTmp\cmTC_8d994.vcxproj]


E:/Project/socketio/node_modules/opencv-build/opencv/build/CMakeFiles/CheckTypeSize/OFF64_T.c:
#include <sys/types.h>
#include <stdint.h>
#include <stddef.h>


#undef KEY
#if defined(__i386)
# define KEY '_','_','i','3','8','6'
#elif defined(__x86_64)
# define KEY '_','_','x','8','6','_','6','4'
#elif defined(__PPC64__)
# define KEY '_','_','P','P','C','6','4','_','_'
#elif defined(__ppc64__)
# define KEY '_','_','p','p','c','6','4','_','_'
#elif defined(__PPC__)
# define KEY '_','_','P','P','C','_','_'
#elif defined(__ppc__)
# define KEY '_','_','p','p','c','_','_'
#elif defined(__aarch64__)
# define KEY '_','_','a','a','r','c','h','6','4','_','_'
#elif defined(__ARM_ARCH_7A__)
# define KEY '_','_','A','R','M','_','A','R','C','H','_','7','A','_','_'
#elif defined(__ARM_ARCH_7S__)
# define KEY '_','_','A','R','M','_','A','R','C','H','_','7','S','_','_'
#endif

#define SIZE (sizeof(off64_t))
static char info_size[] =  {'I', 'N', 'F', 'O', ':', 's','i','z','e','[',
  ('0' + ((SIZE / 10000)%10)),
  ('0' + ((SIZE / 1000)%10)),
  ('0' + ((SIZE / 100)%10)),
  ('0' + ((SIZE / 10)%10)),
  ('0' +  (SIZE    % 10)),
  ']',
#ifdef KEY
  ' ','k','e','y','[', KEY, ']',
#endif
  '\0'};

#ifdef __CLASSIC_C__
int main(argc, argv) int argc; char *argv[];
#else
int main(int argc, char *argv[])
#endif
{
  int require = 0;
  require += info_size[argc];
  (void)argv;
  return require;
}


Determining if the function memmove exists failed with the following output:
Change Dir: E:/Project/socketio/node_modules/opencv-build/opencv/build/CMakeFiles/CMakeTmp

Run Build Command(s):C:/Program Files (x86)/Microsoft Visual Studio/2017/BuildTools/MSBuild/15.0/Bin/MSBuild.exe cmTC_0ff3a.vcxproj /p:Configuration=Release /p:Platform=x64 /p:VisualStudioVersion=15.0 /v:m && Microsoft (R) Build Engine version 15.9.21+g9802d43bc3 for .NET Framework
Copyright (C) Microsoft Corporation. All rights reserved.

  Microsoft (R) C/C++ Optimizing Compiler Version 19.16.27045 for x64
  Copyright (C) Microsoft Corporation.  All rights reserved.
  
  CheckFunctionExists.c
  cl /c /W3 /WX- /diagnostics:classic /MP8 /O2 /Ob2 /Oi /D _MBCS /D WIN32 /D _WINDOWS /D _CRT_SECURE_NO_DEPRECATE /D _CRT_NONSTDC_NO_DEPRECATE /D _SCL_SECURE_NO_WARNINGS /D CHECK_FUNCTION_EXISTS=memmove /D NDEBUG /D "CMAKE_INTDIR=\"Release\"" /Gm- /MD /GS /Gy /fp:precise /Zc:wchar_t /Zc:forScope /Zc:inline /Fo"cmTC_0ff3a.dir\Release\\" /Fd"cmTC_0ff3a.dir\Release\vc141.pdb" /Gd /TC /errorReport:queue  /bigobj "C:\Program Files\CMake\share\cmake-3.22\Modules\CheckFunctionExists.c"
  
C:\Program Files\CMake\share\cmake-3.22\Modules\CheckFunctionExists.c(7): warning C4391: 'char memmove(void)': incorrect return type for intrinsic function, expected 'void' [E:\Project\socketio\node_modules\opencv-build\opencv\build\CMakeFiles\CMakeTmp\cmTC_0ff3a.vcxproj]
C:\Program Files\CMake\share\cmake-3.22\Modules\CheckFunctionExists.c(7): warning C4392: 'char memmove(void)': incorrect number of arguments for intrinsic function, expected '3' arguments [E:\Project\socketio\node_modules\opencv-build\opencv\build\CMakeFiles\CMakeTmp\cmTC_0ff3a.vcxproj]
C:\Program Files\CMake\share\cmake-3.22\Modules\CheckFunctionExists.c(17): error C2168: 'memmove': too few actual parameters for intrinsic function [E:\Project\socketio\node_modules\opencv-build\opencv\build\CMakeFiles\CMakeTmp\cmTC_0ff3a.vcxproj]



Determining if the function strcasecmp exists failed with the following output:
Change Dir: E:/Project/socketio/node_modules/opencv-build/opencv/build/CMakeFiles/CMakeTmp

Run Build Command(s):C:/Program Files (x86)/Microsoft Visual Studio/2017/BuildTools/MSBuild/15.0/Bin/MSBuild.exe cmTC_9f251.vcxproj /p:Configuration=Release /p:Platform=x64 /p:VisualStudioVersion=15.0 /v:m && Microsoft (R) Build Engine version 15.9.21+g9802d43bc3 for .NET Framework
Copyright (C) Microsoft Corporation. All rights reserved.

  Microsoft (R) C/C++ Optimizing Compiler Version 19.16.27045 for x64
  Copyright (C) Microsoft Corporation.  All rights reserved.
  
  CheckFunctionExists.c
  cl /c /W3 /WX- /diagnostics:classic /MP8 /O2 /Ob2 /Oi /D _MBCS /D WIN32 /D _WINDOWS /D _CRT_SECURE_NO_DEPRECATE /D _CRT_NONSTDC_NO_DEPRECATE /D _SCL_SECURE_NO_WARNINGS /D CHECK_FUNCTION_EXISTS=strcasecmp /D NDEBUG /D "CMAKE_INTDIR=\"Release\"" /Gm- /MD /GS /Gy /fp:precise /Zc:wchar_t /Zc:forScope /Zc:inline /Fo"cmTC_9f251.dir\Release\\" /Fd"cmTC_9f251.dir\Release\vc141.pdb" /Gd /TC /errorReport:queue  /bigobj "C:\Program Files\CMake\share\cmake-3.22\Modules\CheckFunctionExists.c"
  
CheckFunctionExists.obj : error LNK2019: unresolved external symbol strcasecmp referenced in function main [E:\Project\socketio\node_modules\opencv-build\opencv\build\CMakeFiles\CMakeTmp\cmTC_9f251.vcxproj]
E:\Project\socketio\node_modules\opencv-build\opencv\build\CMakeFiles\CMakeTmp\Release\cmTC_9f251.exe : fatal error LNK1120: 1 unresolved externals [E:\Project\socketio\node_modules\opencv-build\opencv\build\CMakeFiles\CMakeTmp\cmTC_9f251.vcxproj]



Determining if the function sgemm_ exists failed with the following output:
Change Dir: E:/Project/socketio/node_modules/opencv-build/opencv/build/CMakeFiles/CMakeTmp

Run Build Command(s):C:/Program Files (x86)/Microsoft Visual Studio/2017/BuildTools/MSBuild/15.0/Bin/MSBuild.exe cmTC_bf7ce.vcxproj /p:Configuration=Release /p:Platform=x64 /p:VisualStudioVersion=15.0 /v:m && Microsoft (R) Build Engine version 15.9.21+g9802d43bc3 for .NET Framework
Copyright (C) Microsoft Corporation. All rights reserved.

  Microsoft (R) C/C++ Optimizing Compiler Version 19.16.27045 for x64
  Copyright (C) Microsoft Corporation.  All rights reserved.
  
  CheckFunctionExists.c
  cl /c /W3 /WX- /diagnostics:classic /MP8 /O2 /Ob2 /Oi /D _MBCS /D WIN32 /D _WINDOWS /D _CRT_SECURE_NO_DEPRECATE /D _CRT_NONSTDC_NO_DEPRECATE /D _SCL_SECURE_NO_WARNINGS /D CHECK_FUNCTION_EXISTS=sgemm_ /D NDEBUG /D "CMAKE_INTDIR=\"Release\"" /Gm- /MD /GS /Gy /fp:precise /Zc:wchar_t /Zc:forScope /Zc:inline /Fo"cmTC_bf7ce.dir\Release\\" /Fd"cmTC_bf7ce.dir\Release\vc141.pdb" /Gd /TC /errorReport:queue  /bigobj "C:\Program Files\CMake\share\cmake-3.22\Modules\CheckFunctionExists.c"
  
CheckFunctionExists.obj : error LNK2019: unresolved external symbol sgemm_ referenced in function main [E:\Project\socketio\node_modules\opencv-build\opencv\build\CMakeFiles\CMakeTmp\cmTC_bf7ce.vcxproj]
E:\Project\socketio\node_modules\opencv-build\opencv\build\CMakeFiles\CMakeTmp\Release\cmTC_bf7ce.exe : fatal error LNK1120: 1 unresolved externals [E:\Project\socketio\node_modules\opencv-build\opencv\build\CMakeFiles\CMakeTmp\cmTC_bf7ce.vcxproj]



Determining if the include file pthread.h exists failed with the following output:
Change Dir: E:/Project/socketio/node_modules/opencv-build/opencv/build/CMakeFiles/CMakeTmp

Run Build Command(s):C:/Program Files (x86)/Microsoft Visual Studio/2017/BuildTools/MSBuild/15.0/Bin/MSBuild.exe cmTC_9824f.vcxproj /p:Configuration=Release /p:Platform=x64 /p:VisualStudioVersion=15.0 /v:m && Microsoft (R) Build Engine version 15.9.21+g9802d43bc3 for .NET Framework
Copyright (C) Microsoft Corporation. All rights reserved.

  Microsoft (R) C/C++ Optimizing Compiler Version 19.16.27045 for x64
  Copyright (C) Microsoft Corporation.  All rights reserved.
  
  CheckIncludeFile.c
  cl /c /W3 /WX- /diagnostics:classic /MP8 /O2 /Ob2 /Oi /D _MBCS /D WIN32 /D _WINDOWS /D _CRT_SECURE_NO_DEPRECATE /D _CRT_NONSTDC_NO_DEPRECATE /D _SCL_SECURE_NO_WARNINGS /D NDEBUG /D "CMAKE_INTDIR=\"Release\"" /Gm- /MD /GS /Gy /fp:precise /Zc:wchar_t /Zc:forScope /Zc:inline /Fo"cmTC_9824f.dir\Release\\" /Fd"cmTC_9824f.dir\Release\vc141.pdb" /Gd /TC /errorReport:queue  /bigobj "E:\Project\socketio\node_modules\opencv-build\opencv\build\CMakeFiles\CMakeTmp\CheckIncludeFile.c"
  
E:\Project\socketio\node_modules\opencv-build\opencv\build\CMakeFiles\CMakeTmp\CheckIncludeFile.c(1): fatal error C1083: Cannot open include file: 'pthread.h': No such file or directory [E:\Project\socketio\node_modules\opencv-build\opencv\build\CMakeFiles\CMakeTmp\cmTC_9824f.vcxproj]



